[debug] [2023-10-15T19:22:01.608Z] ----------------------------------------------------------------------
[debug] [2023-10-15T19:22:01.610Z] Command:       C:\Program Files\nodejs\node.exe C:\Users\Saswat Subham Behera\AppData\Roaming\npm\node_modules\firebase-tools\lib\bin\firebase.js init
[debug] [2023-10-15T19:22:01.610Z] CLI Version:   12.6.1
[debug] [2023-10-15T19:22:01.610Z] Platform:      win32
[debug] [2023-10-15T19:22:01.611Z] Node Version:  v18.12.1
[debug] [2023-10-15T19:22:01.611Z] Time:          Mon Oct 16 2023 00:52:01 GMT+0530 (India Standard Time)
[debug] [2023-10-15T19:22:01.611Z] ----------------------------------------------------------------------
[debug] 
[debug] [2023-10-15T19:22:01.618Z] >>> [apiv2][query] GET https://firebase-public.firebaseio.com/cli.json [none]
[debug] [2023-10-15T19:22:01.664Z] > command requires scopes: ["email","openid","https://www.googleapis.com/auth/cloudplatformprojects.readonly","https://www.googleapis.com/auth/firebase","https://www.googleapis.com/auth/cloud-platform"]
[debug] [2023-10-15T19:22:01.664Z] > authorizing via signed-in user (saswatbehera20@cse.iiitp.ac.in)
[info] 
     ######## #### ########  ######## ########     ###     ######  ########
     ##        ##  ##     ## ##       ##     ##  ##   ##  ##       ##
     ######    ##  ########  ######   ########  #########  ######  ######
     ##        ##  ##    ##  ##       ##     ## ##     ##       ## ##
     ##       #### ##     ## ######## ########  ##     ##  ######  ########

You're about to initialize a Firebase project in this directory:

  F:\Dev\expense_tracker

[debug] [2023-10-15T19:22:02.428Z] <<< [apiv2][status] GET https://firebase-public.firebaseio.com/cli.json 200
[debug] [2023-10-15T19:22:02.428Z] <<< [apiv2][body] GET https://firebase-public.firebaseio.com/cli.json {"cloudBuildErrorAfter":1594252800000,"cloudBuildWarnAfter":1590019200000,"defaultNode10After":1594252800000,"minVersion":"3.0.5","node8DeploysDisabledAfter":1613390400000,"node8RuntimeDisabledAfter":1615809600000,"node8WarnAfter":1600128000000}
[info] 
=== Project Setup
[info] 
[info] First, let's associate this project directory with a Firebase project.
[info] You can create multiple project aliases by running firebase use --add, 
[info] but for now we'll just set up a default project.
[info] 
[debug] [2023-10-15T19:22:51.830Z] > refreshing access token with scopes: []
[debug] [2023-10-15T19:22:51.831Z] >>> [apiv2][query] POST https://www.googleapis.com/oauth2/v3/token [none]
[debug] [2023-10-15T19:22:51.831Z] >>> [apiv2][body] POST https://www.googleapis.com/oauth2/v3/token [omitted]
[debug] [2023-10-15T19:22:52.113Z] <<< [apiv2][status] POST https://www.googleapis.com/oauth2/v3/token 200
[debug] [2023-10-15T19:22:52.113Z] <<< [apiv2][body] POST https://www.googleapis.com/oauth2/v3/token [omitted]
[debug] [2023-10-15T19:22:52.124Z] >>> [apiv2][query] GET https://firebase.googleapis.com/v1beta1/projects pageSize=100
[debug] [2023-10-15T19:22:52.893Z] <<< [apiv2][status] GET https://firebase.googleapis.com/v1beta1/projects 200
[debug] [2023-10-15T19:22:52.893Z] <<< [apiv2][body] GET https://firebase.googleapis.com/v1beta1/projects [omitted]
[info] i  Using project expense-tracker-1838d (expense-tracker) 
[info] 
=== Hosting Setup
[info] 
[info] Your public directory is the folder (relative to your project directory) that
[info] will contain Hosting assets to be uploaded with firebase deploy. If you
[info] have a build process for your assets, use your build's output directory.
[info] 
[debug] [2023-10-15T19:25:06.287Z] >>> [apiv2][query] GET https://www.gstatic.com/firebasejs/releases.json [none]
[debug] [2023-10-15T19:25:06.990Z] <<< [apiv2][status] GET https://www.gstatic.com/firebasejs/releases.json 200
[debug] [2023-10-15T19:25:06.990Z] <<< [apiv2][body] GET https://www.gstatic.com/firebasejs/releases.json {"current":{"version":"10.5.0","browserURL":"https://www.gstatic.com/firebasejs/10.5.0/firebase.js","packageURL":"https://www.gstatic.com/firebasejs/10.5.0/firebase.tgz"},"live":{"version":"10.5","browserURL":"https://www.gstatic.com/firebasejs/live/10.5/firebase.js","packageURL":"https://www.gstatic.com/firebasejs/live/10.5/firebase.tgz"},"components":{"analytics":"https://www.gstatic.com/firebasejs/10.5.0/firebase-analytics.js","app":"https://www.gstatic.com/firebasejs/10.5.0/firebase-app.js","app-check":"https://www.gstatic.com/firebasejs/10.5.0/firebase-app-check.js","auth":"https://www.gstatic.com/firebasejs/10.5.0/firebase-auth.js","auth/cordova":"https://www.gstatic.com/firebasejs/10.5.0/firebase-auth/cordova.js","functions":"https://www.gstatic.com/firebasejs/10.5.0/firebase-functions.js","firestore":"https://www.gstatic.com/firebasejs/10.5.0/firebase-firestore.js","firestore/lite":"https://www.gstatic.com/firebasejs/10.5.0/firebase-firestore/lite.js","installations":"https://www.gstatic.com/firebasejs/10.5.0/firebase-installations.js","storage":"https://www.gstatic.com/firebasejs/10.5.0/firebase-storage.js","performance":"https://www.gstatic.com/firebasejs/10.5.0/firebase-performance.js","remote-config":"https://www.gstatic.com/firebasejs/10.5.0/firebase-remote-config.js","messaging":"https://www.gstatic.com/firebasejs/10.5.0/firebase-messaging.js","messaging/sw":"https://www.gstatic.com/firebasejs/10.5.0/firebase-messaging/sw.js","database":"https://www.gstatic.com/firebasejs/10.5.0/firebase-database.js","firestore.memory":"https://www.gstatic.com/firebasejs/10.5.0/firebase-firestore.memory.js"}}
[debug] [2023-10-15T19:25:25.926Z] ----------------------------------------------------------------------
[debug] [2023-10-15T19:25:25.928Z] Command:       C:\Program Files\nodejs\node.exe C:\Users\Saswat Subham Behera\AppData\Roaming\npm\node_modules\firebase-tools\lib\bin\firebase.js init
[debug] [2023-10-15T19:25:25.928Z] CLI Version:   12.6.1
[debug] [2023-10-15T19:25:25.929Z] Platform:      win32
[debug] [2023-10-15T19:25:25.929Z] Node Version:  v18.12.1
[debug] [2023-10-15T19:25:25.930Z] Time:          Mon Oct 16 2023 00:55:25 GMT+0530 (India Standard Time)
[debug] [2023-10-15T19:25:25.930Z] ----------------------------------------------------------------------
[debug] 
[debug] [2023-10-15T19:25:25.938Z] > command requires scopes: ["email","openid","https://www.googleapis.com/auth/cloudplatformprojects.readonly","https://www.googleapis.com/auth/firebase","https://www.googleapis.com/auth/cloud-platform"]
[debug] [2023-10-15T19:25:25.938Z] > authorizing via signed-in user (saswatbehera20@cse.iiitp.ac.in)
[info] 
     ######## #### ########  ######## ########     ###     ######  ########
     ##        ##  ##     ## ##       ##     ##  ##   ##  ##       ##
     ######    ##  ########  ######   ########  #########  ######  ######
     ##        ##  ##    ##  ##       ##     ## ##     ##       ## ##
     ##       #### ##     ## ######## ########  ##     ##  ######  ########

You're about to initialize a Firebase project in this directory:

  F:\Dev\expense_tracker

[info] 
=== Project Setup
[info] 
[info] First, let's associate this project directory with a Firebase project.
[info] You can create multiple project aliases by running firebase use --add, 
[info] but for now we'll just set up a default project.
[info] 
[debug] [2023-10-15T19:25:37.546Z] >>> [apiv2][query] GET https://firebase.googleapis.com/v1beta1/projects pageSize=100
[debug] [2023-10-15T19:25:38.575Z] <<< [apiv2][status] GET https://firebase.googleapis.com/v1beta1/projects 200
[debug] [2023-10-15T19:25:38.575Z] <<< [apiv2][body] GET https://firebase.googleapis.com/v1beta1/projects [omitted]
[info] i  Using project expense-tracker-1838d (expense-tracker) 
[info] 
=== Hosting Setup
[info] 
[info] Your public directory is the folder (relative to your project directory) that
[info] will contain Hosting assets to be uploaded with firebase deploy. If you
[info] have a build process for your assets, use your build's output directory.
[info] 
[info] +  Wrote public/404.html 
[debug] [2023-10-15T19:25:53.459Z] >>> [apiv2][query] GET https://www.gstatic.com/firebasejs/releases.json [none]
[debug] [2023-10-15T19:25:53.595Z] <<< [apiv2][status] GET https://www.gstatic.com/firebasejs/releases.json 200
[debug] [2023-10-15T19:25:53.595Z] <<< [apiv2][body] GET https://www.gstatic.com/firebasejs/releases.json {"current":{"version":"10.5.0","browserURL":"https://www.gstatic.com/firebasejs/10.5.0/firebase.js","packageURL":"https://www.gstatic.com/firebasejs/10.5.0/firebase.tgz"},"live":{"version":"10.5","browserURL":"https://www.gstatic.com/firebasejs/live/10.5/firebase.js","packageURL":"https://www.gstatic.com/firebasejs/live/10.5/firebase.tgz"},"components":{"analytics":"https://www.gstatic.com/firebasejs/10.5.0/firebase-analytics.js","app":"https://www.gstatic.com/firebasejs/10.5.0/firebase-app.js","app-check":"https://www.gstatic.com/firebasejs/10.5.0/firebase-app-check.js","auth":"https://www.gstatic.com/firebasejs/10.5.0/firebase-auth.js","auth/cordova":"https://www.gstatic.com/firebasejs/10.5.0/firebase-auth/cordova.js","functions":"https://www.gstatic.com/firebasejs/10.5.0/firebase-functions.js","firestore":"https://www.gstatic.com/firebasejs/10.5.0/firebase-firestore.js","firestore/lite":"https://www.gstatic.com/firebasejs/10.5.0/firebase-firestore/lite.js","installations":"https://www.gstatic.com/firebasejs/10.5.0/firebase-installations.js","storage":"https://www.gstatic.com/firebasejs/10.5.0/firebase-storage.js","performance":"https://www.gstatic.com/firebasejs/10.5.0/firebase-performance.js","remote-config":"https://www.gstatic.com/firebasejs/10.5.0/firebase-remote-config.js","messaging":"https://www.gstatic.com/firebasejs/10.5.0/firebase-messaging.js","messaging/sw":"https://www.gstatic.com/firebasejs/10.5.0/firebase-messaging/sw.js","database":"https://www.gstatic.com/firebasejs/10.5.0/firebase-database.js","firestore.memory":"https://www.gstatic.com/firebasejs/10.5.0/firebase-firestore.memory.js"}}
[info] i  Skipping write of public/index.html 
[info] 
[info] i  Detected a .git folder at F:\Dev\expense_tracker 
[info] i  Authorizing with GitHub to upload your service account to a GitHub repository's secrets store. 
[info] 
[info] Visit this URL on this device to log in:
[info] https://github.com/login/oauth/authorize?client_id=89cf50f02ac6aaed3484&state=252893708&redirect_uri=http%3A%2F%2Flocalhost%3A9005&scope=read%3Auser%20repo%20public_repo
[info] 
[info] Waiting for authentication...
[debug] [2023-10-15T19:26:58.220Z] >>> [apiv2][query] POST https://github.com/login/oauth/access_token [none]
[debug] [2023-10-15T19:26:58.221Z] >>> [apiv2][body] POST https://github.com/login/oauth/access_token [stream]
[debug] [2023-10-15T19:26:58.669Z] <<< [apiv2][status] POST https://github.com/login/oauth/access_token 200
[debug] [2023-10-15T19:26:58.669Z] <<< [apiv2][body] POST https://github.com/login/oauth/access_token {"access_token":"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","token_type":"bearer","scope":"read:user,repo"}
[debug] [2023-10-15T19:26:58.676Z] >>> [apiv2][query] GET https://api.github.com/user [none]
[debug] [2023-10-15T19:26:59.059Z] <<< [apiv2][status] GET https://api.github.com/user 200
[debug] [2023-10-15T19:26:59.059Z] <<< [apiv2][body] GET https://api.github.com/user {"login":"SSB-saswat","id":75440801,"node_id":"MDQ6VXNlcjc1NDQwODAx","avatar_url":"https://avatars.githubusercontent.com/u/75440801?v=4","gravatar_id":"","url":"https://api.github.com/users/SSB-saswat","html_url":"https://github.com/SSB-saswat","followers_url":"https://api.github.com/users/SSB-saswat/followers","following_url":"https://api.github.com/users/SSB-saswat/following{/other_user}","gists_url":"https://api.github.com/users/SSB-saswat/gists{/gist_id}","starred_url":"https://api.github.com/users/SSB-saswat/starred{/owner}{/repo}","subscriptions_url":"https://api.github.com/users/SSB-saswat/subscriptions","organizations_url":"https://api.github.com/users/SSB-saswat/orgs","repos_url":"https://api.github.com/users/SSB-saswat/repos","events_url":"https://api.github.com/users/SSB-saswat/events{/privacy}","received_events_url":"https://api.github.com/users/SSB-saswat/received_events","type":"User","site_admin":false,"name":"SASWAT SUBHAM BEHERA","company":"Indian Institute of Information Technology","blog":"","location":"Pune","email":"saswatsubham11@gmail.com","hireable":null,"bio":"IIIT Pune | CSE' 24","twitter_username":null,"public_repos":8,"public_gists":0,"followers":0,"following":2,"created_at":"2020-12-03T16:24:32Z","updated_at":"2023-06-20T04:33:20Z","private_gists":0,"total_private_repos":0,"owned_private_repos":0,"disk_usage":5371,"collaborators":0,"two_factor_authentication":false,"plan":{"name":"free","space":976562499,"collaborators":0,"private_repos":10000}}
[info] 
[info] +  Success! Logged into GitHub as SSB-saswat 
[info] 
